
  GetOzoneFiles.log       Version: 31.01.2019       Herbert Schill, PMOD-WRC
  --------------------------------------------------------------------------

  This is the log-file of program 'GetOzoneFiles.R', which copies a number of files 
  from the source-directories to the destination-directories. The program itself and
  its ini-file can be started from 'C:\LKO\Ozon'

  Abbreviations used in the header-line:

    dd.mm.yy          Date
    jjj               Julian Day Number

    Abbreviation            Filename               Contents

    VQBA                    'VQBA28.yyyymmdd0130'  Meteodata Davos of previous day (10-min-values)
    MARO, MTSC              'Dyyyyjjj.ARO/TSC'     Meteodata Davos/Arosa/Tschuggen (10-min-values)
    D051, D062, D101        'Dyyyymmdd.iii'        Base-file Dobson (LabView-format version 4ff)
    B040, B072, B156, B163  'Bjjjyy.iii'           Base-file Brewer (Rawdata and calculated data)     


  dd.mm.yy  jjj  D051 D062 D101 B040 B072 B156 B163 VQBA MARO MTSC

  01.01.18  001    ok   ok   ok   ok   ok   ok   ok   ok   ok   ok
  02.01.18  001    ok   ok   ok   ok   ok   ok   ok   ok   ok   ok
  03.01.18  001    ok   ok   ok   ok   ok   ok   ok   ok   ok   ok
  04.01.18  001    ok   ok   ok   ok   ok   ok   ok   ok   ok   ok
  05.01.18  001    ok   ok   ok   ok   ok   ok   ok   ok   ok   ok
  06.01.18  001    ok   ok   ok   ok   ok   ok   ok   ok   ok   ok
  07.01.18  001    ok   ok   ok   ok   ok   ok   ok   ok   ok   ok
  08.01.18  001    ok   ok   ok   ok   ok   ok   ok   ok   ok   ok
  09.01.18  001    ok   ok   ok   ok   ok   ok   ok   ok   ok   ok
  10.01.18  001    ok   ok   ok   ok   ok   ok   ok   ok   ok   ok
  11.01.18  001    ok   ok   ok   ok   ok   ok   ok   ok   ok   ok
  12.01.18  001    ok   ok   ok   ok   ok   ok   ok   ok   ok   ok
  13.01.18  001    ok   ok   ok   ok   ok   ok   ok   ok   ok   ok
  14.01.18  001    ok   ok   ok   ok   ok   ok   ok   ok   ok   ok
  15.01.18  001    ok   ok   ok   ok   ok   ok   ok   ok   ok   ok
  16.01.18  001    ok   ok   ok   ok   ok   ok   ok   ok   ok   ok
  17.01.18  001    ok   ok   ok   ok   ok   ok   ok   ok   ok   ok
  18.01.18  001    ok   ok   ok   ok   ok   ok   ok   ok   ok   ok
  19.01.18  001    ok   ok   ok   ok   ok   ok   ok   ok   ok   ok
  20.01.18  001    ok   ok   ok   ok   ok   ok   ok   ok   ok   ok
  21.01.19  021    ok   ok   ok   ok   ok   ok   ok   ok   ok   ok
  22.01.19  022    ok   ok   ok   ok   ok   ok   ok   ok   ok   ok
  23.01.19  023    ok   ok   ok   ok   ok   ok   ok   ok   ok   ok
  24.01.19  024    ok   ok   ok   ok   ok   ok   ok   ok   ok   ok
  25.01.19  025    ok   ok   ok   ok   ok   ok   ok   ok   ok   ok
  26.01.19  026    ok   ok   ok   ok   ok   ok   ok   ok   ok   ok
  27.01.19  027    ok   ok   ok   ok   ok   ok   ok   ok   ok   ok
  28.01.19  028    ok   ok   ok   ok   ok   ok   ok   ok   ok   ok
  29.01.19  029    ok   ok   ok   ok   ok   ok   ok   ok   ok   ok
  30.01.19  030    ok   ok   ok   ok   ok   ok   ok   ok   ok   ok
  31.01.19  031    ok   ok   ok   ok   ok   ok   ok   ok   ok   ok

  dd.mm.yy  jjj  D051 D062 D101 B040 B072 B156 B163 VQBA MARO MTSC

  01.02.19  032    ok   ok   ok   ok   ok   ok   ok   ok   ok   ok
  02.02.19  033    ok   ok   ok   ok   ok   ok   ok   ok   ok   ok
  03.02.19  034    ok   ok   ok   ok   ok   ok   ok   ok   ok   ok
  04.02.19  035    ok   ok   ok   ok   ok   ok   ok   ok   ok   ok
  05.02.19  036    ok   ok   ok   ok   ok   ok   ok   ok   ok   ok
  06.02.19  037    ok   ok   ok   ok   ok   ok   ok   ok   ok   ok
  07.02.19  038    ok   ok   ok   ok   ok   ok   ok   ok   ok   ok
  08.02.19  039    ok   ok   ok   ok   ok   ok   ok   ok   ok   ok
  09.02.19  040    ok   ok   ok   ok   ok   ok   ok   ok   ok   ok
  10.02.19  041    ok   ok   ok   ok   ok   ok   ok   ok   ok   ok
  11.02.19  042    ok   ok   ok   ok   ok   ok   ok   ok   ok   ok
  12.02.19  043    ok   ok   ok   ok   ok   ok   ok   ok   ok   ok
  13.02.19  044    ok   ok   ok   ok   ok   ok   ok   ok   ok   ok
  14.02.19  045    ok   ok   ok   ok   ok   ok   ok   ok   ok   ok
  15.02.19  046    ok   ok   ok   ok   ok   ok   ok   ok   ok   ok
  16.02.19  047    ok   ok   ok   ok   ok   ok   ok   ok   ok   ok
  17.02.19  048    ok   ok   ok   ok   ok   ok   ok   ok   ok   ok
  18.02.19  049    ok   ok   ok   ok   ok   ok   ok   ok   ok   ok
  19.02.19  050    ok   ok   ok   ok   ok   ok   ok   ok   ok   ok
  20.02.19  051    ok   ok   ok   ok   ok   ok   ok   ok   ok   ok
  21.02.19  052    ok   ok   ok   ok   ok   ok   ok   ok   ok   ok
  22.02.19  052    ok   ok   ok   ok   ok   ok   ok   ok   ok   ok
  23.02.19  052    ok   ok   ok   ok   ok   ok   ok   ok   ok   ok
  24.02.19  052    ok   ok   ok   ok   ok   ok   ok   ok   ok   ok
  25.02.19  052    ok   ok   ok   ok   ok   ok   ok   ok   ok   ok
  26.02.19  052    ok   ok   ok   ok   ok   ok   ok   ok   ok   ok
  27.02.19  052    ok   ok   ok   ok   ok   ok   ok   ok   ok   ok
  28.02.19  052    ok   ok   ok   ok   ok   ok   ok   ok   ok   ok

  dd.mm.yy  jjj  D051 D062 D101 B040 B072 B156 B163 VQBA MARO MTSC

  01.03.19  063    ok   ok   ok   ok   ok   ok   ok   ok   ok   ok
  02.03.19  063    ok   ok   ok   ok   ok   ok   ok   ok   ok   ok
  03.03.19  063    ok   ok   ok   ok   ok   ok   ok   ok   ok   ok
  04.03.19  063    ok   ok   ok   ok   ok   ok   ok   ok   ok   ok
  05.03.19  064    ok   ok   ok   ok   ok   ok   ok   ok   ok   ok
  06.03.19  065    ok   ok   ok   ok   ok   ok   ok   ok   ok   ok
  07.03.19  066    ok   ok   ok   ok   ok   ok   ok   ok   ok   ok
  08.03.19  067    ok   ok   ok   ok   ok   ok   ok   ok   ok   ok
  09.03.19  068    ok   ok   ok   ok   ok   ok   ok   ok   ok   ok
  10.03.19  069    ok   ok   ok   ok   ok   ok   ok   ok   ok   ok
  11.03.19  070    ok   ok   ok   ok   ok   ok   ok   ok   ok   ok
  12.03.19  071    ok   ok   ok   ok   ok   ok   ok   ok   ok   ok
  13.03.19  072    ok   ok   ok   ok   ok   ok   ok   ok   ok   ok
  14.03.19  073    ok   ok   ok   ok   ok   ok   ok   ok   ok   ok
  15.03.19  074    ok   ok   ok   ok   ok   ok   ok   ok   ok   ok
  16.03.19  075    ok   ok   ok   ok   ok   ok   ok   ok   ok   ok
  17.03.19  076    ok   ok   ok   ok   ok   ok   ok   ok   ok   ok
  18.03.19  077    ok   ok   ok   ok   ok   ok   ok   ok   ok   ok
  19.03.19  078    ok   ok   ok   ok   ok   ok   ok   ok   ok   ok
  20.03.19  081    ok   ok   ok   ok   ok   ok   ok   ok   ok   ok
  21.03.19  081    ok   ok   ok   ok   ok   ok   ok   ok   ok   ok
  22.03.19  081    ok   ok   ok   ok   ok   ok   ok   ok   ok   ok
  23.03.19  082    ok   ok   ok   ok   ok   ok   ok   ok   ok   ok
  24.03.19  083    ok   ok   ok   ok   ok   ok   ok   ok   ok   ok
